<?xml version="1.0" encoding="UTF-8"?>
<!-- Generated by org.testng.reporters.JUnitReportReporter -->
<testsuite hostname="LAPTOP-28KS5UKO" failures="0" tests="1" name="com.test.basicTest" time="32.714" errors="0" timestamp="2022-02-21T15:51:37 IST" skipped="0">
  <testcase classname="com.test.basicTest" name="initBrowser" time="32.714"/>
  <system-out/>
</testsuite> <!-- com.test.basicTest -->
