<?xml version="1.0" encoding="UTF-8"?>
<!-- Generated by org.testng.reporters.JUnitReportReporter -->
<testsuite hostname="LAPTOP-28KS5UKO" failures="0" tests="1" name="Tests.DemoTest" time="12.075" errors="0" timestamp="2022-02-23T12:03:02 IST" skipped="0">
  <testcase classname="Tests.DemoTest" name="flightTest" time="12.075"/>
  <system-out/>
</testsuite> <!-- Tests.DemoTest -->
